0 info it worked if it ends with ok
1 verbose cli [ '/usr/local/bin/node', '/usr/bin/npm', 'start' ]
2 info using npm@3.10.10
3 info using node@v10.15.3
4 verbose run-script [ 'prestart', 'start', 'poststart' ]
5 info lifecycle newNodeTest1@0.0.0~prestart: newNodeTest1@0.0.0
6 silly lifecycle newNodeTest1@0.0.0~prestart: no script for prestart, continuing
7 info lifecycle newNodeTest1@0.0.0~start: newNodeTest1@0.0.0
8 verbose lifecycle newNodeTest1@0.0.0~start: unsafe-perm in lifecycle true
9 verbose lifecycle newNodeTest1@0.0.0~start: PATH: /usr/lib/node_modules/npm/bin/node-gyp-bin:/home/bcuser/Node/newNotes/node_modules/.bin:/home/bcuser/bin:/usr/local/sbin:/usr/local/bin:/usr/sbin:/usr/bin:/sbin:/bin:/usr/games:/usr/local/games:/snap/bin:/usr/lib/jvm/java-8-oracle/bin:/usr/lib/jvm/java-8-oracle/db/bin:/usr/lib/jvm/java-8-oracle/jre/bin:/home/bcuser/Eclipse/sdk/tools:/home/bcuser/Eclipse/sdk/platform-tools
10 verbose lifecycle newNodeTest1@0.0.0~start: CWD: /home/bcuser/Node/newNotes
11 silly lifecycle newNodeTest1@0.0.0~start: Args: [ '-c', 'node ./bin/www' ]
12 silly lifecycle newNodeTest1@0.0.0~start: Returned: code: 1  signal: null
13 info lifecycle newNodeTest1@0.0.0~start: Failed to exec start script
14 verbose stack Error: newNodeTest1@0.0.0 start: `node ./bin/www`
14 verbose stack Exit status 1
14 verbose stack     at EventEmitter.<anonymous> (/usr/lib/node_modules/npm/lib/utils/lifecycle.js:255:16)
14 verbose stack     at EventEmitter.emit (events.js:189:13)
14 verbose stack     at ChildProcess.<anonymous> (/usr/lib/node_modules/npm/lib/utils/spawn.js:40:14)
14 verbose stack     at ChildProcess.emit (events.js:189:13)
14 verbose stack     at maybeClose (internal/child_process.js:970:16)
14 verbose stack     at Process.ChildProcess._handle.onexit (internal/child_process.js:259:5)
15 verbose pkgid newNodeTest1@0.0.0
16 verbose cwd /home/bcuser/Node/newNotes
17 error Linux 4.4.0-145-generic
18 error argv "/usr/local/bin/node" "/usr/bin/npm" "start"
19 error node v10.15.3
20 error npm  v3.10.10
21 error code ELIFECYCLE
22 error newNodeTest1@0.0.0 start: `node ./bin/www`
22 error Exit status 1
23 error Failed at the newNodeTest1@0.0.0 start script 'node ./bin/www'.
23 error Make sure you have the latest version of node.js and npm installed.
23 error If you do, this is most likely a problem with the newNodeTest1 package,
23 error not with npm itself.
23 error Tell the author that this fails on your system:
23 error     node ./bin/www
23 error You can get information on how to open an issue for this project with:
23 error     npm bugs newNodeTest1
23 error Or if that isn't available, you can get their info via:
23 error     npm owner ls newNodeTest1
23 error There is likely additional logging output above.
24 verbose exit [ 1, true ]
